<?xml version="1.0" encoding="UTF-8"?>
<testsuite xmlns:xsi="http://www.w3.org/2001/XMLSchema-instance" xsi:noNamespaceSchemaLocation="https://maven.apache.org/surefire/maven-surefire-plugin/xsd/surefire-test-report.xsd" name="com.sap.cc.greeting.GreetingServiceTest" time="1.162" tests="1" errors="0" skipped="0" failures="0">
  <properties>
    <property name="java.specification.version" value="20"/>
    <property name="sun.cpu.isalist" value="amd64"/>
    <property name="sun.jnu.encoding" value="Cp1252"/>
    <property name="java.class.path" value="C:\Users\vignesh.subramanian@sap.com\Documents\distributed-logging-k8s-java\greetings\target\test-classes;C:\Users\vignesh.subramanian@sap.com\Documents\distributed-logging-k8s-java\greetings\target\classes;C:\Users\vignesh.subramanian@sap.com\.m2\repository\org\springframework\boot\spring-boot-starter-web\2.3.1.RELEASE\spring-boot-starter-web-2.3.1.RELEASE.jar;C:\Users\vignesh.subramanian@sap.com\.m2\repository\org\springframework\boot\spring-boot-starter\2.3.1.RELEASE\spring-boot-starter-2.3.1.RELEASE.jar;C:\Users\vignesh.subramanian@sap.com\.m2\repository\org\springframework\boot\spring-boot-starter-logging\2.3.1.RELEASE\spring-boot-starter-logging-2.3.1.RELEASE.jar;C:\Users\vignesh.subramanian@sap.com\.m2\repository\ch\qos\logback\logback-classic\1.2.3\logback-classic-1.2.3.jar;C:\Users\vignesh.subramanian@sap.com\.m2\repository\ch\qos\logback\logback-core\1.2.3\logback-core-1.2.3.jar;C:\Users\vignesh.subramanian@sap.com\.m2\repository\org\apache\logging\log4j\log4j-to-slf4j\2.13.3\log4j-to-slf4j-2.13.3.jar;C:\Users\vignesh.subramanian@sap.com\.m2\repository\org\apache\logging\log4j\log4j-api\2.13.3\log4j-api-2.13.3.jar;C:\Users\vignesh.subramanian@sap.com\.m2\repository\org\slf4j\jul-to-slf4j\1.7.30\jul-to-slf4j-1.7.30.jar;C:\Users\vignesh.subramanian@sap.com\.m2\repository\jakarta\annotation\jakarta.annotation-api\1.3.5\jakarta.annotation-api-1.3.5.jar;C:\Users\vignesh.subramanian@sap.com\.m2\repository\org\yaml\snakeyaml\1.26\snakeyaml-1.26.jar;C:\Users\vignesh.subramanian@sap.com\.m2\repository\org\springframework\boot\spring-boot-starter-json\2.3.1.RELEASE\spring-boot-starter-json-2.3.1.RELEASE.jar;C:\Users\vignesh.subramanian@sap.com\.m2\repository\com\fasterxml\jackson\datatype\jackson-datatype-jdk8\2.11.0\jackson-datatype-jdk8-2.11.0.jar;C:\Users\vignesh.subramanian@sap.com\.m2\repository\com\fasterxml\jackson\datatype\jackson-datatype-jsr310\2.11.0\jackson-datatype-jsr310-2.11.0.jar;C:\Users\vignesh.subramanian@sap.com\.m2\repository\com\fasterxml\jackson\module\jackson-module-parameter-names\2.11.0\jackson-module-parameter-names-2.11.0.jar;C:\Users\vignesh.subramanian@sap.com\.m2\repository\org\springframework\boot\spring-boot-starter-tomcat\2.3.1.RELEASE\spring-boot-starter-tomcat-2.3.1.RELEASE.jar;C:\Users\vignesh.subramanian@sap.com\.m2\repository\org\apache\tomcat\embed\tomcat-embed-core\9.0.36\tomcat-embed-core-9.0.36.jar;C:\Users\vignesh.subramanian@sap.com\.m2\repository\org\glassfish\jakarta.el\3.0.3\jakarta.el-3.0.3.jar;C:\Users\vignesh.subramanian@sap.com\.m2\repository\org\apache\tomcat\embed\tomcat-embed-websocket\9.0.36\tomcat-embed-websocket-9.0.36.jar;C:\Users\vignesh.subramanian@sap.com\.m2\repository\org\springframework\spring-web\5.2.7.RELEASE\spring-web-5.2.7.RELEASE.jar;C:\Users\vignesh.subramanian@sap.com\.m2\repository\org\springframework\spring-beans\5.2.7.RELEASE\spring-beans-5.2.7.RELEASE.jar;C:\Users\vignesh.subramanian@sap.com\.m2\repository\org\springframework\spring-webmvc\5.2.7.RELEASE\spring-webmvc-5.2.7.RELEASE.jar;C:\Users\vignesh.subramanian@sap.com\.m2\repository\org\springframework\spring-aop\5.2.7.RELEASE\spring-aop-5.2.7.RELEASE.jar;C:\Users\vignesh.subramanian@sap.com\.m2\repository\org\springframework\spring-context\5.2.7.RELEASE\spring-context-5.2.7.RELEASE.jar;C:\Users\vignesh.subramanian@sap.com\.m2\repository\org\springframework\spring-expression\5.2.7.RELEASE\spring-expression-5.2.7.RELEASE.jar;C:\Users\vignesh.subramanian@sap.com\.m2\repository\org\springframework\boot\spring-boot-devtools\2.3.1.RELEASE\spring-boot-devtools-2.3.1.RELEASE.jar;C:\Users\vignesh.subramanian@sap.com\.m2\repository\org\springframework\boot\spring-boot\2.3.1.RELEASE\spring-boot-2.3.1.RELEASE.jar;C:\Users\vignesh.subramanian@sap.com\.m2\repository\org\springframework\boot\spring-boot-autoconfigure\2.3.1.RELEASE\spring-boot-autoconfigure-2.3.1.RELEASE.jar;C:\Users\vignesh.subramanian@sap.com\.m2\repository\org\springframework\boot\spring-boot-starter-test\2.3.1.RELEASE\spring-boot-starter-test-2.3.1.RELEASE.jar;C:\Users\vignesh.subramanian@sap.com\.m2\repository\org\springframework\boot\spring-boot-test\2.3.1.RELEASE\spring-boot-test-2.3.1.RELEASE.jar;C:\Users\vignesh.subramanian@sap.com\.m2\repository\org\springframework\boot\spring-boot-test-autoconfigure\2.3.1.RELEASE\spring-boot-test-autoconfigure-2.3.1.RELEASE.jar;C:\Users\vignesh.subramanian@sap.com\.m2\repository\com\jayway\jsonpath\json-path\2.4.0\json-path-2.4.0.jar;C:\Users\vignesh.subramanian@sap.com\.m2\repository\net\minidev\json-smart\2.3\json-smart-2.3.jar;C:\Users\vignesh.subramanian@sap.com\.m2\repository\net\minidev\accessors-smart\1.2\accessors-smart-1.2.jar;C:\Users\vignesh.subramanian@sap.com\.m2\repository\org\ow2\asm\asm\5.0.4\asm-5.0.4.jar;C:\Users\vignesh.subramanian@sap.com\.m2\repository\org\slf4j\slf4j-api\1.7.30\slf4j-api-1.7.30.jar;C:\Users\vignesh.subramanian@sap.com\.m2\repository\jakarta\xml\bind\jakarta.xml.bind-api\2.3.3\jakarta.xml.bind-api-2.3.3.jar;C:\Users\vignesh.subramanian@sap.com\.m2\repository\jakarta\activation\jakarta.activation-api\1.2.2\jakarta.activation-api-1.2.2.jar;C:\Users\vignesh.subramanian@sap.com\.m2\repository\org\assertj\assertj-core\3.16.1\assertj-core-3.16.1.jar;C:\Users\vignesh.subramanian@sap.com\.m2\repository\org\hamcrest\hamcrest\2.2\hamcrest-2.2.jar;C:\Users\vignesh.subramanian@sap.com\.m2\repository\org\junit\jupiter\junit-jupiter\5.6.2\junit-jupiter-5.6.2.jar;C:\Users\vignesh.subramanian@sap.com\.m2\repository\org\junit\jupiter\junit-jupiter-api\5.6.2\junit-jupiter-api-5.6.2.jar;C:\Users\vignesh.subramanian@sap.com\.m2\repository\org\apiguardian\apiguardian-api\1.1.0\apiguardian-api-1.1.0.jar;C:\Users\vignesh.subramanian@sap.com\.m2\repository\org\opentest4j\opentest4j\1.2.0\opentest4j-1.2.0.jar;C:\Users\vignesh.subramanian@sap.com\.m2\repository\org\junit\platform\junit-platform-commons\1.6.2\junit-platform-commons-1.6.2.jar;C:\Users\vignesh.subramanian@sap.com\.m2\repository\org\junit\jupiter\junit-jupiter-params\5.6.2\junit-jupiter-params-5.6.2.jar;C:\Users\vignesh.subramanian@sap.com\.m2\repository\org\junit\jupiter\junit-jupiter-engine\5.6.2\junit-jupiter-engine-5.6.2.jar;C:\Users\vignesh.subramanian@sap.com\.m2\repository\org\junit\platform\junit-platform-engine\1.6.2\junit-platform-engine-1.6.2.jar;C:\Users\vignesh.subramanian@sap.com\.m2\repository\org\mockito\mockito-core\3.3.3\mockito-core-3.3.3.jar;C:\Users\vignesh.subramanian@sap.com\.m2\repository\net\bytebuddy\byte-buddy\1.10.11\byte-buddy-1.10.11.jar;C:\Users\vignesh.subramanian@sap.com\.m2\repository\net\bytebuddy\byte-buddy-agent\1.10.11\byte-buddy-agent-1.10.11.jar;C:\Users\vignesh.subramanian@sap.com\.m2\repository\org\objenesis\objenesis\2.6\objenesis-2.6.jar;C:\Users\vignesh.subramanian@sap.com\.m2\repository\org\mockito\mockito-junit-jupiter\3.3.3\mockito-junit-jupiter-3.3.3.jar;C:\Users\vignesh.subramanian@sap.com\.m2\repository\org\skyscreamer\jsonassert\1.5.0\jsonassert-1.5.0.jar;C:\Users\vignesh.subramanian@sap.com\.m2\repository\com\vaadin\external\google\android-json\0.0.20131108.vaadin1\android-json-0.0.20131108.vaadin1.jar;C:\Users\vignesh.subramanian@sap.com\.m2\repository\org\springframework\spring-core\5.2.7.RELEASE\spring-core-5.2.7.RELEASE.jar;C:\Users\vignesh.subramanian@sap.com\.m2\repository\org\springframework\spring-jcl\5.2.7.RELEASE\spring-jcl-5.2.7.RELEASE.jar;C:\Users\vignesh.subramanian@sap.com\.m2\repository\org\springframework\spring-test\5.2.7.RELEASE\spring-test-5.2.7.RELEASE.jar;C:\Users\vignesh.subramanian@sap.com\.m2\repository\org\xmlunit\xmlunit-core\2.7.0\xmlunit-core-2.7.0.jar;C:\Users\vignesh.subramanian@sap.com\.m2\repository\com\github\lalyos\jfiglet\0.0.3\jfiglet-0.0.3.jar;C:\Users\vignesh.subramanian@sap.com\.m2\repository\com\sap\hcp\cf\logging\cf-java-logging-support-logback\3.3.0\cf-java-logging-support-logback-3.3.0.jar;C:\Users\vignesh.subramanian@sap.com\.m2\repository\com\sap\hcp\cf\logging\cf-java-logging-support-core\3.3.0\cf-java-logging-support-core-3.3.0.jar;C:\Users\vignesh.subramanian@sap.com\.m2\repository\com\fasterxml\jackson\jr\jackson-jr-objects\2.11.0\jackson-jr-objects-2.11.0.jar;C:\Users\vignesh.subramanian@sap.com\.m2\repository\org\apache\commons\commons-lang3\3.10\commons-lang3-3.10.jar;C:\Users\vignesh.subramanian@sap.com\.m2\repository\org\springframework\boot\spring-boot-starter-webflux\2.3.1.RELEASE\spring-boot-starter-webflux-2.3.1.RELEASE.jar;C:\Users\vignesh.subramanian@sap.com\.m2\repository\org\springframework\boot\spring-boot-starter-reactor-netty\2.3.1.RELEASE\spring-boot-starter-reactor-netty-2.3.1.RELEASE.jar;C:\Users\vignesh.subramanian@sap.com\.m2\repository\io\projectreactor\netty\reactor-netty\0.9.8.RELEASE\reactor-netty-0.9.8.RELEASE.jar;C:\Users\vignesh.subramanian@sap.com\.m2\repository\io\netty\netty-codec-http\4.1.50.Final\netty-codec-http-4.1.50.Final.jar;C:\Users\vignesh.subramanian@sap.com\.m2\repository\io\netty\netty-common\4.1.50.Final\netty-common-4.1.50.Final.jar;C:\Users\vignesh.subramanian@sap.com\.m2\repository\io\netty\netty-buffer\4.1.50.Final\netty-buffer-4.1.50.Final.jar;C:\Users\vignesh.subramanian@sap.com\.m2\repository\io\netty\netty-transport\4.1.50.Final\netty-transport-4.1.50.Final.jar;C:\Users\vignesh.subramanian@sap.com\.m2\repository\io\netty\netty-codec\4.1.50.Final\netty-codec-4.1.50.Final.jar;C:\Users\vignesh.subramanian@sap.com\.m2\repository\io\netty\netty-codec-http2\4.1.50.Final\netty-codec-http2-4.1.50.Final.jar;C:\Users\vignesh.subramanian@sap.com\.m2\repository\io\netty\netty-handler\4.1.50.Final\netty-handler-4.1.50.Final.jar;C:\Users\vignesh.subramanian@sap.com\.m2\repository\io\netty\netty-resolver\4.1.50.Final\netty-resolver-4.1.50.Final.jar;C:\Users\vignesh.subramanian@sap.com\.m2\repository\io\netty\netty-handler-proxy\4.1.50.Final\netty-handler-proxy-4.1.50.Final.jar;C:\Users\vignesh.subramanian@sap.com\.m2\repository\io\netty\netty-codec-socks\4.1.50.Final\netty-codec-socks-4.1.50.Final.jar;C:\Users\vignesh.subramanian@sap.com\.m2\repository\io\netty\netty-transport-native-epoll\4.1.50.Final\netty-transport-native-epoll-4.1.50.Final-linux-x86_64.jar;C:\Users\vignesh.subramanian@sap.com\.m2\repository\io\netty\netty-transport-native-unix-common\4.1.50.Final\netty-transport-native-unix-common-4.1.50.Final.jar;C:\Users\vignesh.subramanian@sap.com\.m2\repository\org\springframework\spring-webflux\5.2.7.RELEASE\spring-webflux-5.2.7.RELEASE.jar;C:\Users\vignesh.subramanian@sap.com\.m2\repository\io\projectreactor\reactor-core\3.3.6.RELEASE\reactor-core-3.3.6.RELEASE.jar;C:\Users\vignesh.subramanian@sap.com\.m2\repository\org\reactivestreams\reactive-streams\1.0.3\reactive-streams-1.0.3.jar;C:\Users\vignesh.subramanian@sap.com\.m2\repository\org\synchronoss\cloud\nio-multipart-parser\1.1.0\nio-multipart-parser-1.1.0.jar;C:\Users\vignesh.subramanian@sap.com\.m2\repository\org\synchronoss\cloud\nio-stream-storage\1.1.3\nio-stream-storage-1.1.3.jar;C:\Users\vignesh.subramanian@sap.com\.m2\repository\com\sap\hcp\cf\logging\cf-java-logging-support-servlet\3.3.0\cf-java-logging-support-servlet-3.3.0.jar;C:\Users\vignesh.subramanian@sap.com\.m2\repository\com\auth0\java-jwt\3.8.3\java-jwt-3.8.3.jar;C:\Users\vignesh.subramanian@sap.com\.m2\repository\commons-codec\commons-codec\1.14\commons-codec-1.14.jar;C:\Users\vignesh.subramanian@sap.com\.m2\repository\com\fasterxml\jackson\core\jackson-databind\2.11.0\jackson-databind-2.11.0.jar;C:\Users\vignesh.subramanian@sap.com\.m2\repository\com\fasterxml\jackson\core\jackson-annotations\2.11.0\jackson-annotations-2.11.0.jar;C:\Users\vignesh.subramanian@sap.com\.m2\repository\com\fasterxml\jackson\core\jackson-core\2.11.0\jackson-core-2.11.0.jar;"/>
    <property name="java.vm.vendor" value="SAP SE"/>
    <property name="sun.arch.data.model" value="64"/>
    <property name="user.variant" value=""/>
    <property name="java.vendor.url" value="https://sapmachine.io/"/>
    <property name="user.timezone" value="Asia/Calcutta"/>
    <property name="os.name" value="Windows 11"/>
    <property name="java.vm.specification.version" value="20"/>
    <property name="sun.java.launcher" value="SUN_STANDARD"/>
    <property name="user.country" value="IN"/>
    <property name="sun.boot.library.path" value="C:\Program Files\Java\sapmachine-jdk-20.0.1\bin"/>
    <property name="sun.java.command" value="C:\Users\VIGNES~1.COM\AppData\Local\Temp\surefire7622563373693950007\surefirebooter5604344638117964352.jar C:\Users\vignesh.subramanian@sap.com\AppData\Local\Temp\surefire7622563373693950007 2023-06-04T02-45-09_770-jvmRun1 surefire4273724653043682839tmp surefire_017811146612367000009tmp"/>
    <property name="jdk.debug" value="release"/>
    <property name="surefire.test.class.path" value="C:\Users\vignesh.subramanian@sap.com\Documents\distributed-logging-k8s-java\greetings\target\test-classes;C:\Users\vignesh.subramanian@sap.com\Documents\distributed-logging-k8s-java\greetings\target\classes;C:\Users\vignesh.subramanian@sap.com\.m2\repository\org\springframework\boot\spring-boot-starter-web\2.3.1.RELEASE\spring-boot-starter-web-2.3.1.RELEASE.jar;C:\Users\vignesh.subramanian@sap.com\.m2\repository\org\springframework\boot\spring-boot-starter\2.3.1.RELEASE\spring-boot-starter-2.3.1.RELEASE.jar;C:\Users\vignesh.subramanian@sap.com\.m2\repository\org\springframework\boot\spring-boot-starter-logging\2.3.1.RELEASE\spring-boot-starter-logging-2.3.1.RELEASE.jar;C:\Users\vignesh.subramanian@sap.com\.m2\repository\ch\qos\logback\logback-classic\1.2.3\logback-classic-1.2.3.jar;C:\Users\vignesh.subramanian@sap.com\.m2\repository\ch\qos\logback\logback-core\1.2.3\logback-core-1.2.3.jar;C:\Users\vignesh.subramanian@sap.com\.m2\repository\org\apache\logging\log4j\log4j-to-slf4j\2.13.3\log4j-to-slf4j-2.13.3.jar;C:\Users\vignesh.subramanian@sap.com\.m2\repository\org\apache\logging\log4j\log4j-api\2.13.3\log4j-api-2.13.3.jar;C:\Users\vignesh.subramanian@sap.com\.m2\repository\org\slf4j\jul-to-slf4j\1.7.30\jul-to-slf4j-1.7.30.jar;C:\Users\vignesh.subramanian@sap.com\.m2\repository\jakarta\annotation\jakarta.annotation-api\1.3.5\jakarta.annotation-api-1.3.5.jar;C:\Users\vignesh.subramanian@sap.com\.m2\repository\org\yaml\snakeyaml\1.26\snakeyaml-1.26.jar;C:\Users\vignesh.subramanian@sap.com\.m2\repository\org\springframework\boot\spring-boot-starter-json\2.3.1.RELEASE\spring-boot-starter-json-2.3.1.RELEASE.jar;C:\Users\vignesh.subramanian@sap.com\.m2\repository\com\fasterxml\jackson\datatype\jackson-datatype-jdk8\2.11.0\jackson-datatype-jdk8-2.11.0.jar;C:\Users\vignesh.subramanian@sap.com\.m2\repository\com\fasterxml\jackson\datatype\jackson-datatype-jsr310\2.11.0\jackson-datatype-jsr310-2.11.0.jar;C:\Users\vignesh.subramanian@sap.com\.m2\repository\com\fasterxml\jackson\module\jackson-module-parameter-names\2.11.0\jackson-module-parameter-names-2.11.0.jar;C:\Users\vignesh.subramanian@sap.com\.m2\repository\org\springframework\boot\spring-boot-starter-tomcat\2.3.1.RELEASE\spring-boot-starter-tomcat-2.3.1.RELEASE.jar;C:\Users\vignesh.subramanian@sap.com\.m2\repository\org\apache\tomcat\embed\tomcat-embed-core\9.0.36\tomcat-embed-core-9.0.36.jar;C:\Users\vignesh.subramanian@sap.com\.m2\repository\org\glassfish\jakarta.el\3.0.3\jakarta.el-3.0.3.jar;C:\Users\vignesh.subramanian@sap.com\.m2\repository\org\apache\tomcat\embed\tomcat-embed-websocket\9.0.36\tomcat-embed-websocket-9.0.36.jar;C:\Users\vignesh.subramanian@sap.com\.m2\repository\org\springframework\spring-web\5.2.7.RELEASE\spring-web-5.2.7.RELEASE.jar;C:\Users\vignesh.subramanian@sap.com\.m2\repository\org\springframework\spring-beans\5.2.7.RELEASE\spring-beans-5.2.7.RELEASE.jar;C:\Users\vignesh.subramanian@sap.com\.m2\repository\org\springframework\spring-webmvc\5.2.7.RELEASE\spring-webmvc-5.2.7.RELEASE.jar;C:\Users\vignesh.subramanian@sap.com\.m2\repository\org\springframework\spring-aop\5.2.7.RELEASE\spring-aop-5.2.7.RELEASE.jar;C:\Users\vignesh.subramanian@sap.com\.m2\repository\org\springframework\spring-context\5.2.7.RELEASE\spring-context-5.2.7.RELEASE.jar;C:\Users\vignesh.subramanian@sap.com\.m2\repository\org\springframework\spring-expression\5.2.7.RELEASE\spring-expression-5.2.7.RELEASE.jar;C:\Users\vignesh.subramanian@sap.com\.m2\repository\org\springframework\boot\spring-boot-devtools\2.3.1.RELEASE\spring-boot-devtools-2.3.1.RELEASE.jar;C:\Users\vignesh.subramanian@sap.com\.m2\repository\org\springframework\boot\spring-boot\2.3.1.RELEASE\spring-boot-2.3.1.RELEASE.jar;C:\Users\vignesh.subramanian@sap.com\.m2\repository\org\springframework\boot\spring-boot-autoconfigure\2.3.1.RELEASE\spring-boot-autoconfigure-2.3.1.RELEASE.jar;C:\Users\vignesh.subramanian@sap.com\.m2\repository\org\springframework\boot\spring-boot-starter-test\2.3.1.RELEASE\spring-boot-starter-test-2.3.1.RELEASE.jar;C:\Users\vignesh.subramanian@sap.com\.m2\repository\org\springframework\boot\spring-boot-test\2.3.1.RELEASE\spring-boot-test-2.3.1.RELEASE.jar;C:\Users\vignesh.subramanian@sap.com\.m2\repository\org\springframework\boot\spring-boot-test-autoconfigure\2.3.1.RELEASE\spring-boot-test-autoconfigure-2.3.1.RELEASE.jar;C:\Users\vignesh.subramanian@sap.com\.m2\repository\com\jayway\jsonpath\json-path\2.4.0\json-path-2.4.0.jar;C:\Users\vignesh.subramanian@sap.com\.m2\repository\net\minidev\json-smart\2.3\json-smart-2.3.jar;C:\Users\vignesh.subramanian@sap.com\.m2\repository\net\minidev\accessors-smart\1.2\accessors-smart-1.2.jar;C:\Users\vignesh.subramanian@sap.com\.m2\repository\org\ow2\asm\asm\5.0.4\asm-5.0.4.jar;C:\Users\vignesh.subramanian@sap.com\.m2\repository\org\slf4j\slf4j-api\1.7.30\slf4j-api-1.7.30.jar;C:\Users\vignesh.subramanian@sap.com\.m2\repository\jakarta\xml\bind\jakarta.xml.bind-api\2.3.3\jakarta.xml.bind-api-2.3.3.jar;C:\Users\vignesh.subramanian@sap.com\.m2\repository\jakarta\activation\jakarta.activation-api\1.2.2\jakarta.activation-api-1.2.2.jar;C:\Users\vignesh.subramanian@sap.com\.m2\repository\org\assertj\assertj-core\3.16.1\assertj-core-3.16.1.jar;C:\Users\vignesh.subramanian@sap.com\.m2\repository\org\hamcrest\hamcrest\2.2\hamcrest-2.2.jar;C:\Users\vignesh.subramanian@sap.com\.m2\repository\org\junit\jupiter\junit-jupiter\5.6.2\junit-jupiter-5.6.2.jar;C:\Users\vignesh.subramanian@sap.com\.m2\repository\org\junit\jupiter\junit-jupiter-api\5.6.2\junit-jupiter-api-5.6.2.jar;C:\Users\vignesh.subramanian@sap.com\.m2\repository\org\apiguardian\apiguardian-api\1.1.0\apiguardian-api-1.1.0.jar;C:\Users\vignesh.subramanian@sap.com\.m2\repository\org\opentest4j\opentest4j\1.2.0\opentest4j-1.2.0.jar;C:\Users\vignesh.subramanian@sap.com\.m2\repository\org\junit\platform\junit-platform-commons\1.6.2\junit-platform-commons-1.6.2.jar;C:\Users\vignesh.subramanian@sap.com\.m2\repository\org\junit\jupiter\junit-jupiter-params\5.6.2\junit-jupiter-params-5.6.2.jar;C:\Users\vignesh.subramanian@sap.com\.m2\repository\org\junit\jupiter\junit-jupiter-engine\5.6.2\junit-jupiter-engine-5.6.2.jar;C:\Users\vignesh.subramanian@sap.com\.m2\repository\org\junit\platform\junit-platform-engine\1.6.2\junit-platform-engine-1.6.2.jar;C:\Users\vignesh.subramanian@sap.com\.m2\repository\org\mockito\mockito-core\3.3.3\mockito-core-3.3.3.jar;C:\Users\vignesh.subramanian@sap.com\.m2\repository\net\bytebuddy\byte-buddy\1.10.11\byte-buddy-1.10.11.jar;C:\Users\vignesh.subramanian@sap.com\.m2\repository\net\bytebuddy\byte-buddy-agent\1.10.11\byte-buddy-agent-1.10.11.jar;C:\Users\vignesh.subramanian@sap.com\.m2\repository\org\objenesis\objenesis\2.6\objenesis-2.6.jar;C:\Users\vignesh.subramanian@sap.com\.m2\repository\org\mockito\mockito-junit-jupiter\3.3.3\mockito-junit-jupiter-3.3.3.jar;C:\Users\vignesh.subramanian@sap.com\.m2\repository\org\skyscreamer\jsonassert\1.5.0\jsonassert-1.5.0.jar;C:\Users\vignesh.subramanian@sap.com\.m2\repository\com\vaadin\external\google\android-json\0.0.20131108.vaadin1\android-json-0.0.20131108.vaadin1.jar;C:\Users\vignesh.subramanian@sap.com\.m2\repository\org\springframework\spring-core\5.2.7.RELEASE\spring-core-5.2.7.RELEASE.jar;C:\Users\vignesh.subramanian@sap.com\.m2\repository\org\springframework\spring-jcl\5.2.7.RELEASE\spring-jcl-5.2.7.RELEASE.jar;C:\Users\vignesh.subramanian@sap.com\.m2\repository\org\springframework\spring-test\5.2.7.RELEASE\spring-test-5.2.7.RELEASE.jar;C:\Users\vignesh.subramanian@sap.com\.m2\repository\org\xmlunit\xmlunit-core\2.7.0\xmlunit-core-2.7.0.jar;C:\Users\vignesh.subramanian@sap.com\.m2\repository\com\github\lalyos\jfiglet\0.0.3\jfiglet-0.0.3.jar;C:\Users\vignesh.subramanian@sap.com\.m2\repository\com\sap\hcp\cf\logging\cf-java-logging-support-logback\3.3.0\cf-java-logging-support-logback-3.3.0.jar;C:\Users\vignesh.subramanian@sap.com\.m2\repository\com\sap\hcp\cf\logging\cf-java-logging-support-core\3.3.0\cf-java-logging-support-core-3.3.0.jar;C:\Users\vignesh.subramanian@sap.com\.m2\repository\com\fasterxml\jackson\jr\jackson-jr-objects\2.11.0\jackson-jr-objects-2.11.0.jar;C:\Users\vignesh.subramanian@sap.com\.m2\repository\org\apache\commons\commons-lang3\3.10\commons-lang3-3.10.jar;C:\Users\vignesh.subramanian@sap.com\.m2\repository\org\springframework\boot\spring-boot-starter-webflux\2.3.1.RELEASE\spring-boot-starter-webflux-2.3.1.RELEASE.jar;C:\Users\vignesh.subramanian@sap.com\.m2\repository\org\springframework\boot\spring-boot-starter-reactor-netty\2.3.1.RELEASE\spring-boot-starter-reactor-netty-2.3.1.RELEASE.jar;C:\Users\vignesh.subramanian@sap.com\.m2\repository\io\projectreactor\netty\reactor-netty\0.9.8.RELEASE\reactor-netty-0.9.8.RELEASE.jar;C:\Users\vignesh.subramanian@sap.com\.m2\repository\io\netty\netty-codec-http\4.1.50.Final\netty-codec-http-4.1.50.Final.jar;C:\Users\vignesh.subramanian@sap.com\.m2\repository\io\netty\netty-common\4.1.50.Final\netty-common-4.1.50.Final.jar;C:\Users\vignesh.subramanian@sap.com\.m2\repository\io\netty\netty-buffer\4.1.50.Final\netty-buffer-4.1.50.Final.jar;C:\Users\vignesh.subramanian@sap.com\.m2\repository\io\netty\netty-transport\4.1.50.Final\netty-transport-4.1.50.Final.jar;C:\Users\vignesh.subramanian@sap.com\.m2\repository\io\netty\netty-codec\4.1.50.Final\netty-codec-4.1.50.Final.jar;C:\Users\vignesh.subramanian@sap.com\.m2\repository\io\netty\netty-codec-http2\4.1.50.Final\netty-codec-http2-4.1.50.Final.jar;C:\Users\vignesh.subramanian@sap.com\.m2\repository\io\netty\netty-handler\4.1.50.Final\netty-handler-4.1.50.Final.jar;C:\Users\vignesh.subramanian@sap.com\.m2\repository\io\netty\netty-resolver\4.1.50.Final\netty-resolver-4.1.50.Final.jar;C:\Users\vignesh.subramanian@sap.com\.m2\repository\io\netty\netty-handler-proxy\4.1.50.Final\netty-handler-proxy-4.1.50.Final.jar;C:\Users\vignesh.subramanian@sap.com\.m2\repository\io\netty\netty-codec-socks\4.1.50.Final\netty-codec-socks-4.1.50.Final.jar;C:\Users\vignesh.subramanian@sap.com\.m2\repository\io\netty\netty-transport-native-epoll\4.1.50.Final\netty-transport-native-epoll-4.1.50.Final-linux-x86_64.jar;C:\Users\vignesh.subramanian@sap.com\.m2\repository\io\netty\netty-transport-native-unix-common\4.1.50.Final\netty-transport-native-unix-common-4.1.50.Final.jar;C:\Users\vignesh.subramanian@sap.com\.m2\repository\org\springframework\spring-webflux\5.2.7.RELEASE\spring-webflux-5.2.7.RELEASE.jar;C:\Users\vignesh.subramanian@sap.com\.m2\repository\io\projectreactor\reactor-core\3.3.6.RELEASE\reactor-core-3.3.6.RELEASE.jar;C:\Users\vignesh.subramanian@sap.com\.m2\repository\org\reactivestreams\reactive-streams\1.0.3\reactive-streams-1.0.3.jar;C:\Users\vignesh.subramanian@sap.com\.m2\repository\org\synchronoss\cloud\nio-multipart-parser\1.1.0\nio-multipart-parser-1.1.0.jar;C:\Users\vignesh.subramanian@sap.com\.m2\repository\org\synchronoss\cloud\nio-stream-storage\1.1.3\nio-stream-storage-1.1.3.jar;C:\Users\vignesh.subramanian@sap.com\.m2\repository\com\sap\hcp\cf\logging\cf-java-logging-support-servlet\3.3.0\cf-java-logging-support-servlet-3.3.0.jar;C:\Users\vignesh.subramanian@sap.com\.m2\repository\com\auth0\java-jwt\3.8.3\java-jwt-3.8.3.jar;C:\Users\vignesh.subramanian@sap.com\.m2\repository\commons-codec\commons-codec\1.14\commons-codec-1.14.jar;C:\Users\vignesh.subramanian@sap.com\.m2\repository\com\fasterxml\jackson\core\jackson-databind\2.11.0\jackson-databind-2.11.0.jar;C:\Users\vignesh.subramanian@sap.com\.m2\repository\com\fasterxml\jackson\core\jackson-annotations\2.11.0\jackson-annotations-2.11.0.jar;C:\Users\vignesh.subramanian@sap.com\.m2\repository\com\fasterxml\jackson\core\jackson-core\2.11.0\jackson-core-2.11.0.jar;"/>
    <property name="sun.cpu.endian" value="little"/>
    <property name="user.home" value="C:\Users\vignesh.subramanian@sap.com"/>
    <property name="user.language" value="en"/>
    <property name="java.specification.vendor" value="Oracle Corporation"/>
    <property name="java.version.date" value="2023-04-18"/>
    <property name="java.home" value="C:\Program Files\Java\sapmachine-jdk-20.0.1"/>
    <property name="file.separator" value="\"/>
    <property name="basedir" value="C:\Users\vignesh.subramanian@sap.com\Documents\distributed-logging-k8s-java\greetings"/>
    <property name="java.vm.compressedOopsMode" value="Zero based"/>
    <property name="line.separator" value="&#10;"/>
    <property name="java.vm.specification.vendor" value="Oracle Corporation"/>
    <property name="java.specification.name" value="Java Platform API Specification"/>
    <property name="surefire.real.class.path" value="C:\Users\VIGNES~1.COM\AppData\Local\Temp\surefire7622563373693950007\surefirebooter5604344638117964352.jar"/>
    <property name="user.script" value=""/>
    <property name="sun.management.compiler" value="HotSpot 64-Bit Tiered Compilers"/>
    <property name="java.runtime.version" value="20.0.1+9"/>
    <property name="user.name" value="I344646"/>
    <property name="stdout.encoding" value="Cp1252"/>
    <property name="path.separator" value=";"/>
    <property name="os.version" value="10.0"/>
    <property name="java.runtime.name" value="OpenJDK Runtime Environment"/>
    <property name="file.encoding" value="UTF-8"/>
    <property name="java.vm.name" value="OpenJDK 64-Bit Server VM"/>
    <property name="java.vendor.version" value="SapMachine"/>
    <property name="localRepository" value="C:\Users\vignesh.subramanian@sap.com\.m2\repository"/>
    <property name="java.vendor.url.bug" value="https://github.com/SAP/SapMachine/issues/new"/>
    <property name="java.io.tmpdir" value="C:\Users\VIGNES~1.COM\AppData\Local\Temp\"/>
    <property name="java.version" value="20.0.1"/>
    <property name="user.dir" value="C:\Users\vignesh.subramanian@sap.com\Documents\distributed-logging-k8s-java\greetings"/>
    <property name="os.arch" value="amd64"/>
    <property name="java.vm.specification.name" value="Java Virtual Machine Specification"/>
    <property name="sun.os.patch.level" value=""/>
    <property name="native.encoding" value="Cp1252"/>
    <property name="java.library.path" value="C:\Program Files\Java\sapmachine-jdk-20.0.1\bin;C:\Windows\Sun\Java\bin;C:\Windows\system32;C:\Windows;C:\Program Files\Common Files\Oracle\Java\javapath;C:\Windows\system32;C:\Windows;C:\Windows\System32\Wbem;C:\Windows\System32\WindowsPowerShell\v1.0\;C:\Windows\System32\OpenSSH\;C:\Program Files\Apache\apache-maven-3.9.1\bin;C:\Program Files\Java\sapmachine-jdk-20.0.1\bin;C:\Program Files\Docker\Docker\resources\bin;C:\Program Files\Git\cmd;C:\Users\Public\AppData\Local\anaconda3;C:\Users\Public\AppData\Local\anaconda3\Library\mingw-w64\bin;C:\Users\Public\AppData\Local\anaconda3\Library\usr\bin;C:\Users\Public\AppData\Local\anaconda3\Library\bin;C:\Users\Public\AppData\Local\anaconda3\Scripts;C:\Users\vignesh.subramanian@sap.com\AppData\Local\Programs\Python\Python310\Scripts\;C:\Users\vignesh.subramanian@sap.com\AppData\Local\Programs\Python\Python310\;C:\Users\vignesh.subramanian@sap.com\AppData\Local\Microsoft\WindowsApps;C:\Program Files\JetBrains\IntelliJ IDEA Community Edition 2022.3.3\bin;;C:\Users\vignesh.subramanian@sap.com\AppData\Local\Programs\Microsoft VS Code\bin;."/>
    <property name="java.vm.info" value="mixed mode, sharing"/>
    <property name="stderr.encoding" value="Cp1252"/>
    <property name="java.vendor" value="SAP SE"/>
    <property name="java.vm.version" value="20.0.1+9"/>
    <property name="sun.io.unicode.encoding" value="UnicodeLittle"/>
    <property name="java.class.version" value="64.0"/>
  </properties>
  <testcase name="createGreetingMessage" classname="com.sap.cc.greeting.GreetingServiceTest" time="1.153"/>
</testsuite>